
> client@0.1.0 build
> next build

   ‚ñ≤ Next.js 15.3.3
   - Environments: .env

   Creating an optimized production build ...
 ‚úì Compiled successfully in 50s
   Linting and checking validity of types ...
Failed to compile.

.next/types/app/blog/[id]/page.ts:34:29
Type error: Type 'PostPageProps' does not satisfy the constraint 'PageProps'.
  Types of property 'params' are incompatible.
    Type '{ id: string; }' is missing the following properties from type 'Promise<any>': then, catch, finally, [Symbol.toStringTag]

[0m [90m 32 |[39m[0m
[0m [90m 33 |[39m [90m// Check the prop type of the entry function[39m[0m
[0m[31m[1m>[22m[39m[90m 34 |[39m checkFields[33m<[39m[33mDiff[39m[33m<[39m[33mPageProps[39m[33m,[39m [33mFirstArg[39m[33m<[39m[33mTEntry[39m[[32m'default'[39m][33m>[39m[33m,[39m [32m'default'[39m[33m>>[39m()[0m
[0m [90m    |[39m                             [31m[1m^[22m[39m[0m
[0m [90m 35 |[39m[0m
[0m [90m 36 |[39m [90m// Check the arguments and return type of the generateMetadata function[39m[0m
[0m [90m 37 |[39m [36mif[39m ([32m'generateMetadata'[39m [36min[39m entry) {[0m
Next.js build worker exited with code: 1 and signal: null
npm error Lifecycle script `build` FAILED with error:
npm error code 1
npm error path C:\Users\ASUS\OneDrive\M√°y t√≠nh\HocTap\MERN\project\MindLog\apps\client
npm error workspace client@0.1.0
npm error location C:\Users\ASUS\OneDrive\M√°y t√≠nh\HocTap\MERN\project\MindLog\apps\client
npm error command FAILED
npm error command C:\WINDOWS\system32\cmd.exe /d /s /c next build
